This file contains any messages produced by compilers while
running configure, to aid debugging if configure makes a mistake.

It was created by configure, which was
generated by GNU Autoconf 2.59.  Invocation command line was

  $ ./configure 

## --------- ##
## Platform. ##
## --------- ##

hostname = skomer
uname -m = i686
uname -r = 2.6.37.6-0.9-desktop
uname -s = Linux
uname -v = #1 SMP PREEMPT 2011-10-19 22:33:27 +0200

/usr/bin/uname -p = unknown
/bin/uname -X     = unknown

/bin/arch              = i686
/usr/bin/arch -k       = unknown
/usr/convex/getsysinfo = unknown
hostinfo               = unknown
/bin/machine           = unknown
/usr/bin/oslevel       = unknown
/bin/universe          = unknown

PATH: /usr/lib/mpi/gcc/openmpi/bin
PATH: /home/arr/bin
PATH: /usr/bin
PATH: /bin
PATH: /usr/sbin
PATH: /sbin
PATH: /usr/local/bin
PATH: /usr/bin/X11
PATH: /usr/X11R6/bin
PATH: /usr/games
PATH: /usr/lib/jvm/jre/bin


## ----------- ##
## Core tests. ##
## ----------- ##

configure:1346: checking for gcc
configure:1372: result: gcc -std=gnu99
configure:1616: checking for C compiler version
configure:1619: gcc -std=gnu99 --version </dev/null >&5
gcc (SUSE Linux) 4.5.1 20101208 [gcc-4_5-branch revision 167585]
Copyright (C) 2010 Free Software Foundation, Inc.
This is free software; see the source for copying conditions.  There is NO
warranty; not even for MERCHANTABILITY or FITNESS FOR A PARTICULAR PURPOSE.

configure:1622: $? = 0
configure:1624: gcc -std=gnu99 -v </dev/null >&5
Using built-in specs.
COLLECT_GCC=gcc
COLLECT_LTO_WRAPPER=/usr/lib/gcc/i586-suse-linux/4.5/lto-wrapper
Target: i586-suse-linux
Configured with: ../configure --prefix=/usr --infodir=/usr/share/info --mandir=/usr/share/man --libdir=/usr/lib --libexecdir=/usr/lib --enable-languages=c,c++,objc,fortran,obj-c++,java,ada --enable-checking=release --with-gxx-include-dir=/usr/include/c++/4.5 --enable-ssp --disable-libssp --disable-plugin --with-bugurl=http://bugs.opensuse.org/ --with-pkgversion='SUSE Linux' --disable-libgcj --disable-libmudflap --with-slibdir=/lib --with-system-zlib --enable-__cxa_atexit --enable-libstdcxx-allocator=new --disable-libstdcxx-pch --enable-version-specific-runtime-libs --program-suffix=-4.5 --enable-linux-futex --without-system-libunwind --enable-gold --with-plugin-ld=/usr/bin/gold --with-arch-32=i586 --with-tune=generic --build=i586-suse-linux
Thread model: posix
gcc version 4.5.1 20101208 [gcc-4_5-branch revision 167585] (SUSE Linux) 
configure:1627: $? = 0
configure:1629: gcc -std=gnu99 -V </dev/null >&5
gcc: '-V' must come at the start of the command line
configure:1632: $? = 1
configure:1655: checking for C compiler default output file name
configure:1658: gcc -std=gnu99 -fexceptions -g -O2   conftest.c  >&5
configure:1661: $? = 0
configure:1707: result: a.out
configure:1712: checking whether the C compiler works
configure:1718: ./a.out
configure:1721: $? = 0
configure:1738: result: yes
configure:1745: checking whether we are cross compiling
configure:1747: result: no
configure:1750: checking for suffix of executables
configure:1752: gcc -std=gnu99 -o conftest -fexceptions -g -O2   conftest.c  >&5
configure:1755: $? = 0
configure:1780: result: 
configure:1786: checking for suffix of object files
configure:1807: gcc -std=gnu99 -c -fexceptions -g -O2  conftest.c >&5
configure:1810: $? = 0
configure:1832: result: o
configure:1836: checking whether we are using the GNU C compiler
configure:1860: gcc -std=gnu99 -c -fexceptions -g -O2  conftest.c >&5
configure:1866: $? = 0
configure:1869: test -z 			 || test ! -s conftest.err
configure:1872: $? = 0
configure:1875: test -s conftest.o
configure:1878: $? = 0
configure:1891: result: yes
configure:1897: checking whether gcc -std=gnu99 accepts -g
configure:1918: gcc -std=gnu99 -c -g  conftest.c >&5
configure:1924: $? = 0
configure:1927: test -z 			 || test ! -s conftest.err
configure:1930: $? = 0
configure:1933: test -s conftest.o
configure:1936: $? = 0
configure:1947: result: yes
configure:1964: checking for gcc -std=gnu99 option to accept ANSI C
configure:2034: gcc -std=gnu99  -c -fexceptions -g -O2  conftest.c >&5
configure:2040: $? = 0
configure:2043: test -z 			 || test ! -s conftest.err
configure:2046: $? = 0
configure:2049: test -s conftest.o
configure:2052: $? = 0
configure:2070: result: none needed
configure:2088: gcc -std=gnu99 -c -fexceptions -g -O2  conftest.c >&5
conftest.c:2:9: error: expected '=', ',', ';', 'asm' or '__attribute__' before 'me'
configure:2094: $? = 1
configure: failed program was:
| #ifndef __cplusplus
|   choke me
| #endif
configure:2226: checking whether gcc -std=gnu99 accepts -Wno-long-long
configure:2255: gcc -std=gnu99 -c -fexceptions -g -O2 -Wno-long-long  conftest.c >&5
configure:2261: $? = 0
configure:2264: test -z 			 || test ! -s conftest.err
configure:2267: $? = 0
configure:2270: test -s conftest.o
configure:2273: $? = 0
configure:2291: result: yes
configure:2307: checking how to run the C preprocessor
configure:2342: gcc -std=gnu99 -E  conftest.c
configure:2348: $? = 0
configure:2380: gcc -std=gnu99 -E  conftest.c
conftest.c:9:28: fatal error: ac_nonexistent.h: No such file or directory
compilation terminated.
configure:2386: $? = 1
configure: failed program was:
| /* confdefs.h.  */
| 
| #define PACKAGE_NAME ""
| #define PACKAGE_TARNAME ""
| #define PACKAGE_VERSION ""
| #define PACKAGE_STRING ""
| #define PACKAGE_BUGREPORT ""
| /* end confdefs.h.  */
| #include <ac_nonexistent.h>
configure:2425: result: gcc -std=gnu99 -E
configure:2449: gcc -std=gnu99 -E  conftest.c
configure:2455: $? = 0
configure:2487: gcc -std=gnu99 -E  conftest.c
conftest.c:9:28: fatal error: ac_nonexistent.h: No such file or directory
compilation terminated.
configure:2493: $? = 1
configure: failed program was:
| /* confdefs.h.  */
| 
| #define PACKAGE_NAME ""
| #define PACKAGE_TARNAME ""
| #define PACKAGE_VERSION ""
| #define PACKAGE_STRING ""
| #define PACKAGE_BUGREPORT ""
| /* end confdefs.h.  */
| #include <ac_nonexistent.h>
configure:2537: checking for egrep
configure:2547: result: grep -E
configure:2552: checking for ANSI C header files
configure:2577: gcc -std=gnu99 -c -fexceptions -g -O2  conftest.c >&5
configure:2583: $? = 0
configure:2586: test -z 			 || test ! -s conftest.err
configure:2589: $? = 0
configure:2592: test -s conftest.o
configure:2595: $? = 0
configure:2684: gcc -std=gnu99 -o conftest -fexceptions -g -O2   conftest.c  >&5
conftest.c: In function 'main':
conftest.c:26:7: warning: implicit declaration of function 'exit'
conftest.c:26:7: warning: incompatible implicit declaration of built-in function 'exit'
conftest.c:27:3: warning: incompatible implicit declaration of built-in function 'exit'
configure:2687: $? = 0
configure:2689: ./conftest
configure:2692: $? = 0
configure:2707: result: yes
configure:2731: checking for sys/types.h
configure:2747: gcc -std=gnu99 -c -fexceptions -g -O2  conftest.c >&5
configure:2753: $? = 0
configure:2756: test -z 			 || test ! -s conftest.err
configure:2759: $? = 0
configure:2762: test -s conftest.o
configure:2765: $? = 0
configure:2776: result: yes
configure:2731: checking for sys/stat.h
configure:2747: gcc -std=gnu99 -c -fexceptions -g -O2  conftest.c >&5
configure:2753: $? = 0
configure:2756: test -z 			 || test ! -s conftest.err
configure:2759: $? = 0
configure:2762: test -s conftest.o
configure:2765: $? = 0
configure:2776: result: yes
configure:2731: checking for stdlib.h
configure:2747: gcc -std=gnu99 -c -fexceptions -g -O2  conftest.c >&5
configure:2753: $? = 0
configure:2756: test -z 			 || test ! -s conftest.err
configure:2759: $? = 0
configure:2762: test -s conftest.o
configure:2765: $? = 0
configure:2776: result: yes
configure:2731: checking for string.h
configure:2747: gcc -std=gnu99 -c -fexceptions -g -O2  conftest.c >&5
configure:2753: $? = 0
configure:2756: test -z 			 || test ! -s conftest.err
configure:2759: $? = 0
configure:2762: test -s conftest.o
configure:2765: $? = 0
configure:2776: result: yes
configure:2731: checking for memory.h
configure:2747: gcc -std=gnu99 -c -fexceptions -g -O2  conftest.c >&5
configure:2753: $? = 0
configure:2756: test -z 			 || test ! -s conftest.err
configure:2759: $? = 0
configure:2762: test -s conftest.o
configure:2765: $? = 0
configure:2776: result: yes
configure:2731: checking for strings.h
configure:2747: gcc -std=gnu99 -c -fexceptions -g -O2  conftest.c >&5
configure:2753: $? = 0
configure:2756: test -z 			 || test ! -s conftest.err
configure:2759: $? = 0
configure:2762: test -s conftest.o
configure:2765: $? = 0
configure:2776: result: yes
configure:2731: checking for inttypes.h
configure:2747: gcc -std=gnu99 -c -fexceptions -g -O2  conftest.c >&5
configure:2753: $? = 0
configure:2756: test -z 			 || test ! -s conftest.err
configure:2759: $? = 0
configure:2762: test -s conftest.o
configure:2765: $? = 0
configure:2776: result: yes
configure:2731: checking for stdint.h
configure:2747: gcc -std=gnu99 -c -fexceptions -g -O2  conftest.c >&5
configure:2753: $? = 0
configure:2756: test -z 			 || test ! -s conftest.err
configure:2759: $? = 0
configure:2762: test -s conftest.o
configure:2765: $? = 0
configure:2776: result: yes
configure:2731: checking for unistd.h
configure:2747: gcc -std=gnu99 -c -fexceptions -g -O2  conftest.c >&5
configure:2753: $? = 0
configure:2756: test -z 			 || test ! -s conftest.err
configure:2759: $? = 0
configure:2762: test -s conftest.o
configure:2765: $? = 0
configure:2776: result: yes
configure:2798: checking byteswap.h usability
configure:2810: gcc -std=gnu99 -c -fexceptions -g -O2  conftest.c >&5
configure:2816: $? = 0
configure:2819: test -z 			 || test ! -s conftest.err
configure:2822: $? = 0
configure:2825: test -s conftest.o
configure:2828: $? = 0
configure:2838: result: yes
configure:2842: checking byteswap.h presence
configure:2852: gcc -std=gnu99 -E  conftest.c
configure:2858: $? = 0
configure:2878: result: yes
configure:2913: checking for byteswap.h
configure:2920: result: yes
configure:2944: gcc -std=gnu99 -o conftest -fexceptions -g -O2   conftest.c  >&5
configure:2950: $? = 0
configure:2953: test -z 			 || test ! -s conftest.err
configure:2956: $? = 0
configure:2959: test -s conftest
configure:2962: $? = 0
configure:2979: checking for double
configure:3003: gcc -std=gnu99 -c -fexceptions -g -O2  conftest.c >&5
configure:3009: $? = 0
configure:3012: test -z 			 || test ! -s conftest.err
configure:3015: $? = 0
configure:3018: test -s conftest.o
configure:3021: $? = 0
configure:3032: result: yes
configure:3035: checking size of double
configure:3347: gcc -std=gnu99 -o conftest -fexceptions -g -O2   conftest.c  >&5
configure:3350: $? = 0
configure:3352: ./conftest
configure:3355: $? = 0
configure:3378: result: 8
configure:3385: checking for int
configure:3409: gcc -std=gnu99 -c -fexceptions -g -O2  conftest.c >&5
configure:3415: $? = 0
configure:3418: test -z 			 || test ! -s conftest.err
configure:3421: $? = 0
configure:3424: test -s conftest.o
configure:3427: $? = 0
configure:3438: result: yes
configure:3441: checking size of int
configure:3753: gcc -std=gnu99 -o conftest -fexceptions -g -O2   conftest.c  >&5
configure:3756: $? = 0
configure:3758: ./conftest
configure:3761: $? = 0
configure:3784: result: 4
configure:3791: checking for long
configure:3815: gcc -std=gnu99 -c -fexceptions -g -O2  conftest.c >&5
configure:3821: $? = 0
configure:3824: test -z 			 || test ! -s conftest.err
configure:3827: $? = 0
configure:3830: test -s conftest.o
configure:3833: $? = 0
configure:3844: result: yes
configure:3847: checking size of long
configure:4159: gcc -std=gnu99 -o conftest -fexceptions -g -O2   conftest.c  >&5
configure:4162: $? = 0
configure:4164: ./conftest
configure:4167: $? = 0
configure:4190: result: 4
configure:4293: creating ./config.status

## ---------------------- ##
## Running config.status. ##
## ---------------------- ##

This file was extended by config.status, which was
generated by GNU Autoconf 2.59.  Invocation command line was

  CONFIG_FILES    = 
  CONFIG_HEADERS  = 
  CONFIG_LINKS    = 
  CONFIG_COMMANDS = 
  $ ./config.status 

on skomer

config.status:682: creating src/Makevars
config.status:747: creating src/swap_bytes.h
config.status:747: creating src/var.h

## ---------------- ##
## Cache variables. ##
## ---------------- ##

ac_cv_c_compiler_gnu=yes
ac_cv_env_CC_set=
ac_cv_env_CC_value=
ac_cv_env_CFLAGS_set=
ac_cv_env_CFLAGS_value=
ac_cv_env_CPPFLAGS_set=
ac_cv_env_CPPFLAGS_value=
ac_cv_env_CPP_set=
ac_cv_env_CPP_value=
ac_cv_env_LDFLAGS_set=
ac_cv_env_LDFLAGS_value=
ac_cv_env_build_alias_set=
ac_cv_env_build_alias_value=
ac_cv_env_host_alias_set=
ac_cv_env_host_alias_value=
ac_cv_env_target_alias_set=
ac_cv_env_target_alias_value=
ac_cv_exeext=
ac_cv_header_byteswap_h=yes
ac_cv_header_inttypes_h=yes
ac_cv_header_memory_h=yes
ac_cv_header_stdc=yes
ac_cv_header_stdint_h=yes
ac_cv_header_stdlib_h=yes
ac_cv_header_string_h=yes
ac_cv_header_strings_h=yes
ac_cv_header_sys_stat_h=yes
ac_cv_header_sys_types_h=yes
ac_cv_header_unistd_h=yes
ac_cv_objext=o
ac_cv_prog_CPP='gcc -std=gnu99 -E'
ac_cv_prog_ac_ct_CC='gcc -std=gnu99'
ac_cv_prog_cc_g=yes
ac_cv_prog_cc_no_long_long=yes
ac_cv_prog_cc_stdc=
ac_cv_prog_egrep='grep -E'
ac_cv_sizeof_double=8
ac_cv_sizeof_int=4
ac_cv_sizeof_long=4
ac_cv_type_double=yes
ac_cv_type_int=yes
ac_cv_type_long=yes

## ----------------- ##
## Output variables. ##
## ----------------- ##

CC='gcc -std=gnu99'
CFLAGS='-fexceptions -g -O2'
CPP='gcc -std=gnu99 -E'
CPPFLAGS=''
DEFS='-DHAVE_CONFIG_H'
ECHO_C=''
ECHO_N='-n'
ECHO_T=''
EGREP='grep -E'
EXEEXT=''
LDFLAGS=''
LIBOBJS=''
LIBS=''
LTLIBOBJS=''
OBJEXT='o'
PACKAGE_BUGREPORT=''
PACKAGE_NAME=''
PACKAGE_STRING=''
PACKAGE_TARNAME=''
PACKAGE_VERSION=''
PATH_SEPARATOR=':'
PKG_CFLAGS='-Wno-long-long'
SHELL='/bin/sh'
ac_ct_CC='gcc -std=gnu99'
bindir='${exec_prefix}/bin'
build_alias=''
datadir='${prefix}/share'
exec_prefix='${prefix}'
host_alias=''
includedir='${prefix}/include'
infodir='${prefix}/info'
libdir='${exec_prefix}/lib'
libexecdir='${exec_prefix}/libexec'
localstatedir='${prefix}/var'
mandir='${prefix}/man'
oldincludedir='/usr/include'
prefix='/usr/local'
program_transform_name='s,x,x,'
sbindir='${exec_prefix}/sbin'
sharedstatedir='${prefix}/com'
sysconfdir='${prefix}/etc'
target_alias=''

## ----------- ##
## confdefs.h. ##
## ----------- ##

#define HAVE_GLIBC_BSWAP 1
#define HAVE_INTTYPES_H 1
#define HAVE_MEMORY_H 1
#define HAVE_STDINT_H 1
#define HAVE_STDLIB_H 1
#define HAVE_STRINGS_H 1
#define HAVE_STRING_H 1
#define HAVE_SYS_STAT_H 1
#define HAVE_SYS_TYPES_H 1
#define HAVE_UNISTD_H 1
#define PACKAGE_BUGREPORT ""
#define PACKAGE_NAME ""
#define PACKAGE_STRING ""
#define PACKAGE_TARNAME ""
#define PACKAGE_VERSION ""
#define SIZEOF_DOUBLE 8
#define SIZEOF_INT 4
#define SIZEOF_LONG 4
#define STDC_HEADERS 1

configure: exit 0
